<?xml version="1.0" encoding="UTF-8"?>
<!-- Generated by org.testng.reporters.JUnitReportReporter -->
<testsuite hostname="KUL-3D3PXZ1" name="class11.MyCRMApplication2" tests="3" failures="0" timestamp="17 Sep 2019 06:24:01 GMT" time="0.017" errors="0">
  <testcase name="userCreate" time="0.000" classname="class11.MyCRMApplication2"/>
  <testcase name="logOut" time="0.000" classname="class11.MyCRMApplication2"/>
  <testcase name="loginApp" time="0.017" classname="class11.MyCRMApplication2"/>
</testsuite> <!-- class11.MyCRMApplication2 -->
