<?xml version="1.0" encoding="UTF-8"?>
<!-- Generated by org.testng.reporters.JUnitReportReporter -->
<testsuite hostname="KUL-3D3PXZ1" name="regressionsuite.Addproject" tests="1" failures="0" timestamp="29 Jan 2020 10:34:55 GMT" time="50.908" errors="0">
  <testcase name="creatingProject" time="50.908" classname="regressionsuite.Addproject"/>
</testsuite> <!-- regressionsuite.Addproject -->
