<?xml version="1.0" encoding="UTF-8"?>
<!-- Generated by org.testng.reporters.JUnitReportReporter -->
<testsuite hostname="KUL-3D3PXZ1" name="regressionsuite.ActiveProjects" tests="1" failures="0" timestamp="6 Dec 2019 03:56:36 GMT" time="20.906" errors="0">
  <testcase name="creatingProject" time="20.906" classname="regressionsuite.ActiveProjects"/>
</testsuite> <!-- regressionsuite.ActiveProjects -->
