<?xml version="1.0" encoding="UTF-8"?>
<!-- Generated by org.testng.reporters.JUnitReportReporter -->
<testsuite hostname="KUL-3D3PXZ1" name="report.CreateReport" tests="1" failures="0" timestamp="21 Sep 2019 18:17:27 GMT" time="0.744" errors="0">
  <testcase name="createReport" time="0.744" classname="report.CreateReport"/>
</testsuite> <!-- report.CreateReport -->
