<?xml version="1.0" encoding="UTF-8"?>
<!-- Generated by org.testng.reporters.JUnitReportReporter -->
<testsuite hostname="KUL-3D3PXZ1" name="regressionsuite.AddCustomer" tests="1" failures="0" timestamp="6 Dec 2019 01:31:25 GMT" time="18.134" errors="0">
  <testcase name="creatingProject" time="18.134" classname="regressionsuite.AddCustomer"/>
</testsuite> <!-- regressionsuite.AddCustomer -->
