<?xml version="1.0" encoding="UTF-8"?>
<!-- Generated by org.testng.reporters.JUnitReportReporter -->
<testsuite hostname="KUL-3D3PXZ1" name="class12.ReadExcelData2" tests="1" failures="0" timestamp="18 Sep 2019 09:54:34 GMT" time="0.760" errors="0">
  <testcase name="readExcel" time="0.760" classname="class12.ReadExcelData2"/>
</testsuite> <!-- class12.ReadExcelData2 -->
