<?xml version="1.0" encoding="UTF-8"?>
<!-- Generated by org.testng.reporters.JUnitReportReporter -->
<testsuite hostname="KUL-3D3PXZ1" name="class11.MyFirstTestNG" tests="1" failures="0" timestamp="17 Sep 2019 10:58:38 GMT" time="0.000" errors="0">
  <testcase name="test1" time="0.000" classname="class11.MyFirstTestNG"/>
</testsuite> <!-- class11.MyFirstTestNG -->
