<?xml version="1.0" encoding="UTF-8"?>
<!-- Generated by org.testng.reporters.JUnitReportReporter -->
<testsuite hostname="KUL-3D3PXZ1" name="class12.AcceptParameters" tests="3" failures="0" timestamp="18 Sep 2019 11:26:36 GMT" time="0.029" errors="0">
  <testcase name="startTest" time="0.005" classname="class12.AcceptParameters"/>
  <testcase name="startTest" time="0.005" classname="class12.AcceptParameters"/>
  <testcase name="startTest" time="0.019" classname="class12.AcceptParameters"/>
</testsuite> <!-- class12.AcceptParameters -->
