<?xml version="1.0" encoding="UTF-8"?>
<!-- Generated by org.testng.reporters.JUnitReportReporter -->
<testsuite hostname="KUL-3D3PXZ1" name="class12.ReadConfigFile" tests="1" failures="0" timestamp="18 Sep 2019 06:30:57 GMT" time="0.018" errors="0">
  <testcase name="readConfig" time="0.018" classname="class12.ReadConfigFile"/>
</testsuite> <!-- class12.ReadConfigFile -->
