<?xml version="1.0" encoding="UTF-8"?>
<!-- Generated by org.testng.reporters.JUnitReportReporter -->
<testsuite hostname="KUL-3D3PXZ1" name="class11.MyCRMApplication3" tests="4" failures="0" timestamp="17 Sep 2019 10:58:38 GMT" time="0.005" errors="0">
  <testcase name="deleteUser" time="0.000" classname="class11.MyCRMApplication3"/>
  <testcase name="createUser" time="0.000" classname="class11.MyCRMApplication3"/>
  <testcase name="loginApp" time="0.005" classname="class11.MyCRMApplication3"/>
  <testcase name="logOut" time="0.000" classname="class11.MyCRMApplication3"/>
</testsuite> <!-- class11.MyCRMApplication3 -->
