<?xml version="1.0" encoding="UTF-8"?>
<!-- Generated by org.testng.reporters.JUnitReportReporter -->
<testsuite hostname="KUL-3D3PXZ1" name="testcases.LoginToApplication3" tests="1" failures="0" timestamp="22 Sep 2019 00:55:40 GMT" time="29.850" errors="0">
  <testcase name="loginToPhoenix" time="29.850" classname="testcases.LoginToApplication3"/>
</testsuite> <!-- testcases.LoginToApplication3 -->
