<?xml version="1.0" encoding="UTF-8"?>
<!-- Generated by org.testng.reporters.JUnitReportReporter -->
<testsuite hostname="KUL-3D3PXZ1" name="class12.LoginTest" tests="3" failures="0" timestamp="18 Sep 2019 12:46:20 GMT" time="60.559" errors="0">
  <testcase name="testonCRM" time="27.496" classname="class12.LoginTest"/>
  <testcase name="testonCRM" time="20.293" classname="class12.LoginTest"/>
  <testcase name="testonCRM" time="12.770" classname="class12.LoginTest"/>
</testsuite> <!-- class12.LoginTest -->
