<?xml version="1.0" encoding="UTF-8"?>
<!-- Generated by org.testng.reporters.JUnitReportReporter -->
<testsuite hostname="KUL-3D3PXZ1" name="class11.E2ETest1" tests="2" failures="0" timestamp="17 Sep 2019 10:46:16 GMT" time="7.061" errors="0">
  <testcase name="loginApp" time="2.535" classname="class11.E2ETest1"/>
  <testcase name="logoutApp" time="4.526" classname="class11.E2ETest1"/>
</testsuite> <!-- class11.E2ETest1 -->
