<?xml version="1.0" encoding="UTF-8"?>
<!-- Generated by org.testng.reporters.JUnitReportReporter -->
<testsuite hostname="KUL-3D3PXZ1" name="class12.Annotations" tests="3" failures="0" timestamp="18 Sep 2019 02:16:19 GMT" time="0.015" errors="0">
  <testcase name="loginApp" time="0.010" classname="class12.Annotations"/>
  <testcase name="loginApp2" time="0.005" classname="class12.Annotations"/>
  <testcase name="loginApp3" time="0.000" classname="class12.Annotations"/>
</testsuite> <!-- class12.Annotations -->
