<?xml version="1.0" encoding="UTF-8"?>
<!-- Generated by org.testng.reporters.JUnitReportReporter -->
<testsuite hostname="KUL-3D3PXZ1" name="testcases.LoginToApplication2" tests="1" failures="0" timestamp="21 Sep 2019 23:23:23 GMT" time="24.497" errors="0">
  <testcase name="loginToPhoenix" time="24.497" classname="testcases.LoginToApplication2"/>
</testsuite> <!-- testcases.LoginToApplication2 -->
