<?xml version="1.0" encoding="UTF-8"?>
<!-- Generated by org.testng.reporters.JUnitReportReporter -->
<testsuite hostname="KUL-3D3PXZ1" name="class12.ReadExcelData" tests="1" failures="0" timestamp="18 Sep 2019 09:44:26 GMT" time="0.800" errors="0">
  <testcase name="readExcel" time="0.800" classname="class12.ReadExcelData"/>
</testsuite> <!-- class12.ReadExcelData -->
